<?xml version="1.0" encoding="UTF-8"?>
<!-- Generated by org.testng.reporters.JUnitReportReporter -->
<testsuite skipped="0" hostname="DESKTOP-M18KB13" name="Testsag.KeyEvents" tests="1" failures="0" timestamp="2021-01-22T20:03:10 IST" time="104.436" errors="0">
  <testcase name="Key" time="104.436" classname="Testsag.KeyEvents"/>
</testsuite> <!-- Testsag.KeyEvents -->
