<?xml version="1.0" encoding="UTF-8"?>
<!-- Generated by org.testng.reporters.JUnitReportReporter -->
<testsuite skipped="0" hostname="DESKTOP-M18KB13" name="Test.Baseora" tests="4" failures="0" timestamp="2021-01-15T23:02:47 IST" time="37.161" errors="0">
  <testcase name="Testusername" time="13.646" classname="Test.Baseora"/>
  <system-out/>
  <testcase name="TestPassword" time="5.168" classname="Test.Baseora"/>
  <system-out/>
  <testcase name="TestSubmit" time="10.191" classname="Test.Baseora"/>
  <system-out/>
  <testcase name="TestAdmin" time="8.156" classname="Test.Baseora"/>
  <system-out/>
</testsuite> <!-- Test.Baseora -->
