<?xml version="1.0" encoding="UTF-8"?>
<!-- Generated by org.testng.reporters.JUnitReportReporter -->
<testsuite skipped="0" hostname="DESKTOP-M18KB13" name="Test.Execora" tests="7" failures="0" timestamp="2021-01-16T13:21:47 IST" time="51.024" errors="0">
  <testcase name="Testusername" time="11.426" classname="Test.Execora"/>
  <system-out/>
  <testcase name="TestPassword" time="5.224" classname="Test.Execora"/>
  <system-out/>
  <testcase name="TestSubmit" time="4.973" classname="Test.Execora"/>
  <system-out/>
  <testcase name="TestAdmin" time="10.985" classname="Test.Execora"/>
  <system-out/>
  <testcase name="UserRole" time="4.466" classname="Test.Execora"/>
  <system-out/>
  <testcase name="Status" time="6.361" classname="Test.Execora"/>
  <system-out/>
  <testcase name="Add" time="7.589" classname="Test.Execora"/>
  <system-out/>
</testsuite> <!-- Test.Execora -->
